[2025-10-17T10:56:54.984+0000] {manager.py:483} INFO - Processing files using up to 2 processes at a time 
[2025-10-17T10:56:54.985+0000] {manager.py:484} INFO - Process each file at most once every 30 seconds
[2025-10-17T10:56:54.987+0000] {manager.py:485} INFO - Checking for new files in /opt/airflow/dags every 300 seconds
[2025-10-17T10:56:54.988+0000] {manager.py:821} INFO - Searching for files in /opt/airflow/dags
[2025-10-17T10:56:54.997+0000] {manager.py:824} INFO - There are 0 files in /opt/airflow/dags
[2025-10-17T10:58:13.024+0000] {manager.py:465} INFO - Exiting gracefully upon receiving signal 15
[2025-10-17T10:58:46.604+0000] {manager.py:483} INFO - Processing files using up to 2 processes at a time 
[2025-10-17T10:58:46.605+0000] {manager.py:484} INFO - Process each file at most once every 30 seconds
[2025-10-17T10:58:46.606+0000] {manager.py:485} INFO - Checking for new files in /opt/airflow/dags every 300 seconds
[2025-10-17T10:58:46.606+0000] {manager.py:821} INFO - Searching for files in /opt/airflow/dags
[2025-10-17T10:58:46.616+0000] {manager.py:824} INFO - There are 0 files in /opt/airflow/dags
[2025-10-17T11:03:46.833+0000] {manager.py:821} INFO - Searching for files in /opt/airflow/dags
[2025-10-17T11:03:46.847+0000] {manager.py:824} INFO - There are 0 files in /opt/airflow/dags
[2025-10-17T11:08:47.300+0000] {manager.py:821} INFO - Searching for files in /opt/airflow/dags
[2025-10-17T11:08:47.316+0000] {manager.py:824} INFO - There are 0 files in /opt/airflow/dags
[2025-10-17T11:20:23.738+0000] {manager.py:821} INFO - Searching for files in /opt/airflow/dags
[2025-10-17T11:20:23.873+0000] {manager.py:824} INFO - There are 0 files in /opt/airflow/dags
[2025-10-17T11:25:23.819+0000] {manager.py:821} INFO - Searching for files in /opt/airflow/dags
[2025-10-17T11:25:23.835+0000] {manager.py:824} INFO - There are 0 files in /opt/airflow/dags
[2025-10-17T11:30:24.482+0000] {manager.py:821} INFO - Searching for files in /opt/airflow/dags
[2025-10-17T11:30:24.490+0000] {manager.py:824} INFO - There are 0 files in /opt/airflow/dags
[2025-10-17T11:35:24.747+0000] {manager.py:821} INFO - Searching for files in /opt/airflow/dags
[2025-10-17T11:35:24.756+0000] {manager.py:824} INFO - There are 0 files in /opt/airflow/dags
[2025-10-17T11:40:24.952+0000] {manager.py:821} INFO - Searching for files in /opt/airflow/dags
[2025-10-17T11:40:24.979+0000] {manager.py:824} INFO - There are 0 files in /opt/airflow/dags
[2025-10-17T11:45:25.916+0000] {manager.py:821} INFO - Searching for files in /opt/airflow/dags
[2025-10-17T11:45:25.934+0000] {manager.py:824} INFO - There are 0 files in /opt/airflow/dags
[2025-10-17T11:50:26.387+0000] {manager.py:821} INFO - Searching for files in /opt/airflow/dags
[2025-10-17T11:50:26.405+0000] {manager.py:824} INFO - There are 0 files in /opt/airflow/dags
[2025-10-17T11:55:27.036+0000] {manager.py:821} INFO - Searching for files in /opt/airflow/dags
[2025-10-17T11:55:27.052+0000] {manager.py:824} INFO - There are 0 files in /opt/airflow/dags
[2025-10-17T12:00:27.517+0000] {manager.py:821} INFO - Searching for files in /opt/airflow/dags
[2025-10-17T12:00:27.533+0000] {manager.py:824} INFO - There are 0 files in /opt/airflow/dags
[2025-10-17T12:05:27.595+0000] {manager.py:821} INFO - Searching for files in /opt/airflow/dags
[2025-10-17T12:05:27.611+0000] {manager.py:824} INFO - There are 0 files in /opt/airflow/dags
[2025-10-17T12:10:27.792+0000] {manager.py:821} INFO - Searching for files in /opt/airflow/dags
[2025-10-17T12:10:27.812+0000] {manager.py:824} INFO - There are 0 files in /opt/airflow/dags
[2025-10-17T12:15:28.063+0000] {manager.py:821} INFO - Searching for files in /opt/airflow/dags
[2025-10-17T12:15:28.075+0000] {manager.py:824} INFO - There are 0 files in /opt/airflow/dags
[2025-10-17T12:20:29.010+0000] {manager.py:821} INFO - Searching for files in /opt/airflow/dags
[2025-10-17T12:20:29.026+0000] {manager.py:824} INFO - There are 0 files in /opt/airflow/dags
[2025-10-17T12:25:29.806+0000] {manager.py:821} INFO - Searching for files in /opt/airflow/dags
[2025-10-17T12:25:29.812+0000] {manager.py:824} INFO - There are 0 files in /opt/airflow/dags
[2025-10-17T12:30:30.247+0000] {manager.py:821} INFO - Searching for files in /opt/airflow/dags
[2025-10-17T12:30:30.276+0000] {manager.py:824} INFO - There are 0 files in /opt/airflow/dags
[2025-10-17T12:35:30.699+0000] {manager.py:821} INFO - Searching for files in /opt/airflow/dags
[2025-10-17T12:35:30.715+0000] {manager.py:824} INFO - There are 0 files in /opt/airflow/dags
[2025-10-17T12:40:30.979+0000] {manager.py:821} INFO - Searching for files in /opt/airflow/dags
[2025-10-17T12:40:30.994+0000] {manager.py:824} INFO - There are 0 files in /opt/airflow/dags
[2025-10-18T11:13:44.026+0000] {manager.py:483} INFO - Processing files using up to 2 processes at a time 
[2025-10-18T11:13:44.028+0000] {manager.py:484} INFO - Process each file at most once every 30 seconds
[2025-10-18T11:13:44.029+0000] {manager.py:485} INFO - Checking for new files in /opt/airflow/dags every 300 seconds
[2025-10-18T11:13:44.030+0000] {manager.py:821} INFO - Searching for files in /opt/airflow/dags
[2025-10-18T11:13:44.074+0000] {manager.py:824} INFO - There are 0 files in /opt/airflow/dags
[2025-10-18T11:18:44.338+0000] {manager.py:821} INFO - Searching for files in /opt/airflow/dags
[2025-10-18T11:18:44.374+0000] {manager.py:824} INFO - There are 0 files in /opt/airflow/dags
[2025-10-18T11:23:44.606+0000] {manager.py:821} INFO - Searching for files in /opt/airflow/dags
[2025-10-18T11:23:44.619+0000] {manager.py:824} INFO - There are 0 files in /opt/airflow/dags
[2025-10-18T11:28:44.615+0000] {manager.py:821} INFO - Searching for files in /opt/airflow/dags
[2025-10-18T11:28:44.621+0000] {manager.py:824} INFO - There are 0 files in /opt/airflow/dags
[2025-10-18T11:33:45.616+0000] {manager.py:821} INFO - Searching for files in /opt/airflow/dags
[2025-10-18T11:33:45.633+0000] {manager.py:824} INFO - There are 0 files in /opt/airflow/dags
[2025-10-18T11:38:46.214+0000] {manager.py:821} INFO - Searching for files in /opt/airflow/dags
[2025-10-18T11:38:46.226+0000] {manager.py:824} INFO - There are 0 files in /opt/airflow/dags
[2025-10-18T11:43:47.122+0000] {manager.py:821} INFO - Searching for files in /opt/airflow/dags
[2025-10-18T11:43:47.135+0000] {manager.py:824} INFO - There are 0 files in /opt/airflow/dags
[2025-10-18T11:48:47.279+0000] {manager.py:821} INFO - Searching for files in /opt/airflow/dags
[2025-10-18T11:48:47.295+0000] {manager.py:824} INFO - There are 0 files in /opt/airflow/dags
[2025-10-18T11:53:47.424+0000] {manager.py:821} INFO - Searching for files in /opt/airflow/dags
[2025-10-18T11:53:47.438+0000] {manager.py:824} INFO - There are 0 files in /opt/airflow/dags
[2025-10-18T11:58:48.404+0000] {manager.py:821} INFO - Searching for files in /opt/airflow/dags
[2025-10-18T11:58:48.416+0000] {manager.py:824} INFO - There are 0 files in /opt/airflow/dags
[2025-10-18T12:03:49.380+0000] {manager.py:821} INFO - Searching for files in /opt/airflow/dags
[2025-10-18T12:03:49.393+0000] {manager.py:824} INFO - There are 0 files in /opt/airflow/dags
[2025-10-18T12:08:50.169+0000] {manager.py:821} INFO - Searching for files in /opt/airflow/dags
[2025-10-18T12:08:50.179+0000] {manager.py:824} INFO - There are 0 files in /opt/airflow/dags
[2025-10-18T12:13:51.095+0000] {manager.py:821} INFO - Searching for files in /opt/airflow/dags
[2025-10-18T12:13:51.105+0000] {manager.py:824} INFO - There are 0 files in /opt/airflow/dags
[2025-10-18T12:18:51.872+0000] {manager.py:821} INFO - Searching for files in /opt/airflow/dags
[2025-10-18T12:18:51.883+0000] {manager.py:824} INFO - There are 0 files in /opt/airflow/dags
[2025-10-18T12:23:52.653+0000] {manager.py:821} INFO - Searching for files in /opt/airflow/dags
[2025-10-18T12:23:52.665+0000] {manager.py:824} INFO - There are 0 files in /opt/airflow/dags
[2025-10-18T12:28:53.351+0000] {manager.py:821} INFO - Searching for files in /opt/airflow/dags
[2025-10-18T12:28:53.362+0000] {manager.py:824} INFO - There are 0 files in /opt/airflow/dags
[2025-10-18T13:00:18.738+0000] {manager.py:821} INFO - Searching for files in /opt/airflow/dags
[2025-10-18T13:00:18.877+0000] {manager.py:824} INFO - There are 0 files in /opt/airflow/dags
[2025-10-18T14:00:26.156+0000] {manager.py:821} INFO - Searching for files in /opt/airflow/dags
[2025-10-18T14:00:26.232+0000] {manager.py:824} INFO - There are 0 files in /opt/airflow/dags
[2025-10-18T14:40:01.340+0000] {manager.py:821} INFO - Searching for files in /opt/airflow/dags
[2025-10-18T14:40:01.428+0000] {manager.py:824} INFO - There are 0 files in /opt/airflow/dags
[2025-10-18T14:45:02.084+0000] {manager.py:821} INFO - Searching for files in /opt/airflow/dags
[2025-10-18T14:45:02.096+0000] {manager.py:824} INFO - There are 0 files in /opt/airflow/dags
[2025-10-18T14:50:02.664+0000] {manager.py:821} INFO - Searching for files in /opt/airflow/dags
[2025-10-18T14:50:02.674+0000] {manager.py:824} INFO - There are 0 files in /opt/airflow/dags
[2025-10-18T14:55:03.486+0000] {manager.py:821} INFO - Searching for files in /opt/airflow/dags
[2025-10-18T14:55:03.500+0000] {manager.py:824} INFO - There are 0 files in /opt/airflow/dags
[2025-10-18T15:00:04.025+0000] {manager.py:821} INFO - Searching for files in /opt/airflow/dags
[2025-10-18T15:00:04.039+0000] {manager.py:824} INFO - There are 0 files in /opt/airflow/dags
[2025-10-18T15:05:04.881+0000] {manager.py:821} INFO - Searching for files in /opt/airflow/dags
[2025-10-18T15:05:04.889+0000] {manager.py:824} INFO - There are 0 files in /opt/airflow/dags
[2025-10-18T15:10:05.710+0000] {manager.py:821} INFO - Searching for files in /opt/airflow/dags
[2025-10-18T15:10:05.725+0000] {manager.py:824} INFO - There are 0 files in /opt/airflow/dags
[2025-10-18T15:15:06.022+0000] {manager.py:821} INFO - Searching for files in /opt/airflow/dags
[2025-10-18T15:15:06.034+0000] {manager.py:824} INFO - There are 0 files in /opt/airflow/dags
[2025-10-18T15:20:06.255+0000] {manager.py:821} INFO - Searching for files in /opt/airflow/dags
[2025-10-18T15:20:06.266+0000] {manager.py:824} INFO - There are 0 files in /opt/airflow/dags
[2025-10-18T15:25:06.917+0000] {manager.py:821} INFO - Searching for files in /opt/airflow/dags
[2025-10-18T15:25:06.938+0000] {manager.py:824} INFO - There are 0 files in /opt/airflow/dags
[2025-10-18T15:30:07.434+0000] {manager.py:821} INFO - Searching for files in /opt/airflow/dags
[2025-10-18T15:30:07.448+0000] {manager.py:824} INFO - There are 0 files in /opt/airflow/dags
[2025-10-18T15:35:07.710+0000] {manager.py:821} INFO - Searching for files in /opt/airflow/dags
[2025-10-18T15:35:07.725+0000] {manager.py:824} INFO - There are 0 files in /opt/airflow/dags
[2025-10-18T15:40:07.827+0000] {manager.py:821} INFO - Searching for files in /opt/airflow/dags
[2025-10-18T15:40:07.839+0000] {manager.py:824} INFO - There are 0 files in /opt/airflow/dags
[2025-10-18T15:45:08.566+0000] {manager.py:821} INFO - Searching for files in /opt/airflow/dags
[2025-10-18T15:45:08.574+0000] {manager.py:824} INFO - There are 0 files in /opt/airflow/dags
[2025-10-18T15:49:51.218+0000] {manager.py:465} INFO - Exiting gracefully upon receiving signal 15
[2025-10-20T10:12:45.915+0000] {manager.py:483} INFO - Processing files using up to 2 processes at a time 
[2025-10-20T10:12:45.917+0000] {manager.py:484} INFO - Process each file at most once every 30 seconds
[2025-10-20T10:12:45.918+0000] {manager.py:485} INFO - Checking for new files in /opt/airflow/dags every 300 seconds
[2025-10-20T10:12:45.919+0000] {manager.py:821} INFO - Searching for files in /opt/airflow/dags
[2025-10-20T10:12:45.925+0000] {manager.py:824} INFO - There are 0 files in /opt/airflow/dags
[2025-10-20T10:17:46.156+0000] {manager.py:821} INFO - Searching for files in /opt/airflow/dags
[2025-10-20T10:17:46.173+0000] {manager.py:824} INFO - There are 0 files in /opt/airflow/dags
[2025-10-20T10:22:46.308+0000] {manager.py:821} INFO - Searching for files in /opt/airflow/dags
[2025-10-20T10:22:46.422+0000] {manager.py:824} INFO - There are 0 files in /opt/airflow/dags
[2025-10-20T10:27:46.385+0000] {manager.py:821} INFO - Searching for files in /opt/airflow/dags
[2025-10-20T10:27:46.395+0000] {manager.py:824} INFO - There are 0 files in /opt/airflow/dags
[2025-10-20T10:32:47.364+0000] {manager.py:821} INFO - Searching for files in /opt/airflow/dags
[2025-10-20T10:32:47.372+0000] {manager.py:824} INFO - There are 0 files in /opt/airflow/dags
[2025-10-20T10:37:48.044+0000] {manager.py:821} INFO - Searching for files in /opt/airflow/dags
[2025-10-20T10:37:48.051+0000] {manager.py:824} INFO - There are 0 files in /opt/airflow/dags
[2025-10-20T10:42:49.019+0000] {manager.py:821} INFO - Searching for files in /opt/airflow/dags
[2025-10-20T10:42:49.028+0000] {manager.py:824} INFO - There are 0 files in /opt/airflow/dags
[2025-10-20T10:47:49.464+0000] {manager.py:821} INFO - Searching for files in /opt/airflow/dags
[2025-10-20T10:47:49.473+0000] {manager.py:824} INFO - There are 0 files in /opt/airflow/dags
[2025-10-20T10:52:49.958+0000] {manager.py:821} INFO - Searching for files in /opt/airflow/dags
[2025-10-20T10:52:50.071+0000] {manager.py:824} INFO - There are 0 files in /opt/airflow/dags
[2025-10-20T10:57:50.867+0000] {manager.py:821} INFO - Searching for files in /opt/airflow/dags
[2025-10-20T10:57:50.946+0000] {manager.py:824} INFO - There are 0 files in /opt/airflow/dags
[2025-10-20T11:02:51.574+0000] {manager.py:821} INFO - Searching for files in /opt/airflow/dags
[2025-10-20T11:02:51.590+0000] {manager.py:824} INFO - There are 0 files in /opt/airflow/dags
[2025-10-20T11:07:52.306+0000] {manager.py:821} INFO - Searching for files in /opt/airflow/dags
[2025-10-20T11:07:52.358+0000] {manager.py:824} INFO - There are 0 files in /opt/airflow/dags
[2025-10-20T11:12:53.020+0000] {manager.py:821} INFO - Searching for files in /opt/airflow/dags
[2025-10-20T11:12:53.058+0000] {manager.py:824} INFO - There are 0 files in /opt/airflow/dags
[2025-10-20T11:17:53.032+0000] {manager.py:821} INFO - Searching for files in /opt/airflow/dags
[2025-10-20T11:17:53.075+0000] {manager.py:824} INFO - There are 0 files in /opt/airflow/dags
[2025-10-20T11:22:53.280+0000] {manager.py:821} INFO - Searching for files in /opt/airflow/dags
[2025-10-20T11:22:53.337+0000] {manager.py:824} INFO - There are 0 files in /opt/airflow/dags
[2025-10-20T11:31:18.560+0000] {manager.py:821} INFO - Searching for files in /opt/airflow/dags
[2025-10-20T11:31:18.856+0000] {manager.py:824} INFO - There are 0 files in /opt/airflow/dags
[2025-10-20T11:36:19.313+0000] {manager.py:821} INFO - Searching for files in /opt/airflow/dags
[2025-10-20T11:36:19.321+0000] {manager.py:824} INFO - There are 0 files in /opt/airflow/dags
[2025-10-20T11:41:19.389+0000] {manager.py:821} INFO - Searching for files in /opt/airflow/dags
[2025-10-20T11:41:19.450+0000] {manager.py:824} INFO - There are 0 files in /opt/airflow/dags
[2025-10-20T11:46:20.339+0000] {manager.py:821} INFO - Searching for files in /opt/airflow/dags
[2025-10-20T11:46:20.351+0000] {manager.py:824} INFO - There are 0 files in /opt/airflow/dags
[2025-10-20T11:51:20.616+0000] {manager.py:821} INFO - Searching for files in /opt/airflow/dags
[2025-10-20T11:51:20.624+0000] {manager.py:824} INFO - There are 0 files in /opt/airflow/dags
[2025-10-20T11:56:20.986+0000] {manager.py:821} INFO - Searching for files in /opt/airflow/dags
[2025-10-20T11:56:21.002+0000] {manager.py:824} INFO - There are 0 files in /opt/airflow/dags
[2025-10-20T12:01:21.177+0000] {manager.py:821} INFO - Searching for files in /opt/airflow/dags
[2025-10-20T12:01:21.189+0000] {manager.py:824} INFO - There are 0 files in /opt/airflow/dags
[2025-10-20T12:06:21.765+0000] {manager.py:821} INFO - Searching for files in /opt/airflow/dags
[2025-10-20T12:06:21.774+0000] {manager.py:824} INFO - There are 0 files in /opt/airflow/dags
[2025-10-20T12:11:22.004+0000] {manager.py:821} INFO - Searching for files in /opt/airflow/dags
[2025-10-20T12:11:22.011+0000] {manager.py:824} INFO - There are 0 files in /opt/airflow/dags
[2025-10-20T12:16:22.884+0000] {manager.py:821} INFO - Searching for files in /opt/airflow/dags
[2025-10-20T12:16:22.894+0000] {manager.py:824} INFO - There are 0 files in /opt/airflow/dags
[2025-10-20T12:21:23.414+0000] {manager.py:821} INFO - Searching for files in /opt/airflow/dags
[2025-10-20T12:21:23.425+0000] {manager.py:824} INFO - There are 0 files in /opt/airflow/dags
[2025-10-20T12:26:24.373+0000] {manager.py:821} INFO - Searching for files in /opt/airflow/dags
[2025-10-20T12:26:24.389+0000] {manager.py:824} INFO - There are 0 files in /opt/airflow/dags
[2025-10-20T12:31:24.819+0000] {manager.py:821} INFO - Searching for files in /opt/airflow/dags
[2025-10-20T12:31:24.834+0000] {manager.py:824} INFO - There are 0 files in /opt/airflow/dags
[2025-10-20T12:36:24.992+0000] {manager.py:821} INFO - Searching for files in /opt/airflow/dags
[2025-10-20T12:36:25.005+0000] {manager.py:824} INFO - There are 0 files in /opt/airflow/dags
[2025-10-20T12:41:25.264+0000] {manager.py:821} INFO - Searching for files in /opt/airflow/dags
[2025-10-20T12:41:25.277+0000] {manager.py:824} INFO - There are 0 files in /opt/airflow/dags
[2025-10-20T12:46:26.098+0000] {manager.py:821} INFO - Searching for files in /opt/airflow/dags
[2025-10-20T12:46:26.108+0000] {manager.py:824} INFO - There are 0 files in /opt/airflow/dags
[2025-10-20T13:05:30.743+0000] {manager.py:821} INFO - Searching for files in /opt/airflow/dags
[2025-10-20T13:05:30.806+0000] {manager.py:824} INFO - There are 0 files in /opt/airflow/dags
[2025-10-20T13:10:31.557+0000] {manager.py:821} INFO - Searching for files in /opt/airflow/dags
[2025-10-20T13:10:31.572+0000] {manager.py:824} INFO - There are 0 files in /opt/airflow/dags
[2025-10-20T13:15:31.719+0000] {manager.py:821} INFO - Searching for files in /opt/airflow/dags
[2025-10-20T13:15:31.727+0000] {manager.py:824} INFO - There are 0 files in /opt/airflow/dags
[2025-10-20T13:20:32.608+0000] {manager.py:821} INFO - Searching for files in /opt/airflow/dags
[2025-10-20T13:20:32.621+0000] {manager.py:824} INFO - There are 0 files in /opt/airflow/dags
[2025-10-20T13:25:33.357+0000] {manager.py:821} INFO - Searching for files in /opt/airflow/dags
[2025-10-20T13:25:33.372+0000] {manager.py:824} INFO - There are 0 files in /opt/airflow/dags
[2025-10-20T13:30:33.731+0000] {manager.py:821} INFO - Searching for files in /opt/airflow/dags
[2025-10-20T13:30:33.744+0000] {manager.py:824} INFO - There are 0 files in /opt/airflow/dags
[2025-10-20T13:35:34.550+0000] {manager.py:821} INFO - Searching for files in /opt/airflow/dags
[2025-10-20T13:35:34.565+0000] {manager.py:824} INFO - There are 0 files in /opt/airflow/dags
[2025-10-20T13:40:34.677+0000] {manager.py:821} INFO - Searching for files in /opt/airflow/dags
[2025-10-20T13:40:34.690+0000] {manager.py:824} INFO - There are 0 files in /opt/airflow/dags
[2025-10-20T13:45:35.542+0000] {manager.py:821} INFO - Searching for files in /opt/airflow/dags
[2025-10-20T13:45:35.553+0000] {manager.py:824} INFO - There are 0 files in /opt/airflow/dags
[2025-10-20T13:50:36.118+0000] {manager.py:821} INFO - Searching for files in /opt/airflow/dags
[2025-10-20T13:50:36.311+0000] {manager.py:824} INFO - There are 0 files in /opt/airflow/dags
[2025-10-20T13:55:36.149+0000] {manager.py:821} INFO - Searching for files in /opt/airflow/dags
[2025-10-20T13:55:36.157+0000] {manager.py:824} INFO - There are 0 files in /opt/airflow/dags
[2025-10-20T14:02:14.224+0000] {manager.py:821} INFO - Searching for files in /opt/airflow/dags
[2025-10-20T14:02:14.243+0000] {manager.py:824} INFO - There are 0 files in /opt/airflow/dags
[2025-10-20T14:03:05.471+0000] {manager.py:465} INFO - Exiting gracefully upon receiving signal 15
